{"/home/ibrahim/JSObjectModelLab/resources/sensors_data.js": {"path":"/home/ibrahim/JSObjectModelLab/resources/sensors_data.js","statementMap":{"0":{"start":{"line":1,"column":22},"end":{"line":28,"column":1}}},"fnMap":{},"branchMap":{},"s":{"0":1},"f":{},"b":{},"_coverageSchema":"332fd63041d2c1bcb487cc26dd0d5f7d97098a6c","hash":"54fa287735609f9d3da8f771b2c1edaf4ca3e447"}
,"/home/ibrahim/JSObjectModelLab/src/index.js": {"path":"/home/ibrahim/JSObjectModelLab/src/index.js","statementMap":{"0":{"start":{"line":2,"column":23},"end":{"line":2,"column":36}},"1":{"start":{"line":2,"column":29},"end":{"line":2,"column":36}}},"fnMap":{"0":{"name":"(anonymous_0)","decl":{"start":{"line":2,"column":23},"end":{"line":2,"column":24}},"loc":{"start":{"line":2,"column":29},"end":{"line":2,"column":36}},"line":2}},"branchMap":{},"s":{"0":1,"1":1},"f":{"0":1},"b":{},"_coverageSchema":"332fd63041d2c1bcb487cc26dd0d5f7d97098a6c","hash":"e420e5791e66abe9cd10af2382b1b876129a3257"}
}
